2026-05-14 23:35:49,062 | INFO     | 🚀 Запуск оптимизации (ID: 20260514_233549)
2026-05-14 23:35:49,062 | INFO     | 📄 Используемая конфигурация:
{
  "docker": {
    "image": "postgres:18-alpine",
    "memory": "12G",
    "cpu": 8,
    "network": "pg_tuner_net",
    "db_container": "pg_db",
    "client_container": "pg_client",
    "volume": "pg_bench"
  },
  "database": {
    "name": "benchdb",
    "user": "postgres",
    "password": "password_test",
    "pgbench_scale": 10000
  },
  "pgbench": {
    "warmup": {
      "clients": 32,
      "threads": 2,
      "time_sec": 120,
      "progress_sec": 30,
      "command": "default"
    },
    "test": {
      "clients": 64,
      "threads": 2,
      "time_sec": 600,
      "progress_sec": 60,
      "command": "default"
    },
    "checked_params": [
      "tps",
      "latency average",
      "number of transactions actually processed",
      "number of failed transactions"
    ]
  },
  "optimization": {
    "target": "tps",
    "n_trials": 50,
    "tunable_params": {
      "shared_buffers": {
        "type": "categorical",
        "values": [
          "2GB",
          "6GB",
          "10GB"
        ]
      },
      "work_mem": {
        "type": "int",
        "low": 4,
        "high": 64,
        "step": 15
      },
      "maintenance_work_mem": {
        "type": "categorical",
        "values": [
          "128MB",
          "512MB",
          "1GB"
        ]
      },
      "max_parallel_workers_per_gather": {
        "type": "categorical",
        "values": [
          0,
          1,
          2,
          3,
          7
        ]
      },
      "random_page_cost": {
        "type": "float",
        "low": 1.0,
        "high": 4.0,
        "step": 1
      },
      "effective_cache_size": {
        "type": "int",
        "low": 2048,
        "high": 10240,
        "step": 2048
      },
      "wal_buffers": {
        "type": "categorical",
        "values": [
          "32MB",
          "128MB",
          "512MB",
          "1GB"
        ]
      },
      "max_wal_size": {
        "type": "int",
        "low": 1024,
        "high": 4096,
        "step": 1024
      }
    }
  },
  "run_id": "20260514_233549",
  "log_file": "logs/pg_tuner_20260514_233549.log",
  "results_file": "results/pg_tuner_results_20260514_233549.csv"
}
2026-05-14 23:35:49,062 | INFO     | ✅ Конфиг загружен из config.yaml
2026-05-14 23:35:49,062 | INFO     | Лог:      logs/pg_tuner_20260514_233549.log
2026-05-14 23:35:49,062 | INFO     | Результаты: results/pg_tuner_results_20260514_233549.csv
2026-05-14 23:35:49,062 | INFO     | ==================================================
2026-05-14 23:35:49,062 | INFO     | Параметры поиска оптимальной конфигурации: {'docker_image': 'postgres:18-alpine', 'docker_network': 'pg_tuner_net', 'container_memory': '12G', 'container_cpu': 8, 'db_container_name': 'pg_db', 'client_container_name': 'pg_client', 'volume_name': 'pg_bench', 'db_name': 'benchdb', 'db_user': 'postgres', 'db_password': 'password_test', 'pgbench_scale': 10000, 'warmup': {'clients': 32, 'threads': 2, 'time_sec': 120, 'progress_sec': 30, 'command': 'default'}, 'test': {'clients': 64, 'threads': 2, 'time_sec': 600, 'progress_sec': 60, 'command': 'default'}, 'checked_params': ['tps', 'latency average', 'number of transactions actually processed', 'number of failed transactions'], 'tunable_params': {'shared_buffers': {'type': 'categorical', 'values': ['2GB', '6GB', '10GB']}, 'work_mem': {'type': 'int', 'low': 4, 'high': 64, 'step': 15}, 'maintenance_work_mem': {'type': 'categorical', 'values': ['128MB', '512MB', '1GB']}, 'max_parallel_workers_per_gather': {'type': 'categorical', 'values': [0, 1, 2, 3, 7]}, 'random_page_cost': {'type': 'float', 'low': 1.0, 'high': 4.0, 'step': 1}, 'effective_cache_size': {'type': 'int', 'low': 2048, 'high': 10240, 'step': 2048}, 'wal_buffers': {'type': 'categorical', 'values': ['32MB', '128MB', '512MB', '1GB']}, 'max_wal_size': {'type': 'int', 'low': 1024, 'high': 4096, 'step': 1024}}, 'optimization_target': 'tps', 'n_trials': 50, 'results_file': 'results/pg_tuner_results_20260514_233549.csv', 'log_file': 'logs/pg_tuner_20260514_233549.log', 'run_id': '20260514_233549'}
2026-05-14 23:35:49,063 | INFO     | [CMD] docker volume create pg_bench || true
2026-05-14 23:35:49,076 | INFO     | [CMD] docker network create pg_tuner_net || true
2026-05-14 23:35:49,173 | INFO     | [INIT] Starting DB for initialization...
2026-05-14 23:35:49,173 | INFO     | [CLEANUP] Stopping containers & network...
2026-05-14 23:35:49,173 | INFO     | [CMD] docker stop pg_client || true
2026-05-14 23:35:49,186 | INFO     | [CMD] docker rm pg_client || true
2026-05-14 23:35:49,198 | INFO     | [CMD] docker stop pg_db || true
2026-05-14 23:35:49,209 | INFO     | [CMD] docker rm pg_db || true
2026-05-14 23:35:49,220 | INFO     | [CMD] docker run -d --name pg_db --network pg_tuner_net --memory 12G --cpus 8 -u postgres -e POSTGRES_PASSWORD=password_test -e POSTGRES_USER=postgres -p 5432:5432 -v pg_bench:/var/lib/postgresql/data postgres:18-alpine 
2026-05-14 23:35:49,451 | INFO     | [CMD] docker run -d --name pg_client --network pg_tuner_net --memory 2G --cpus 2 postgres:18-alpine tail -f /dev/null
2026-05-14 23:35:51,673 | INFO     | [DB] Waiting for PostgreSQL to be ready...
2026-05-14 23:35:51,674 | INFO     | [CMD] docker exec pg_db pg_isready -U postgres -h 127.0.0.1
2026-05-14 23:35:51,732 | INFO     | [DB] PostgreSQL is ready.
2026-05-14 23:35:54,733 | INFO     | [DB] Initializing pgbench with scale=10000...
2026-05-14 23:35:54,733 | INFO     | [CMD] docker exec pg_db bash -c 'dropdb benchdb; createdb benchdb; pgbench -iqs 10000 benchdb'
