2026-06-10 00:18:28,934 | INFO     | 🚀 Запуск оптимизации (ID: 20260610_001828)
2026-06-10 00:18:28,935 | INFO     | 📄 Используемая конфигурация:
{
  "docker": {
    "image": "postgres:18-alpine",
    "memory": "24G",
    "cpu": 8,
    "network": "pg_tuner_net",
    "db_container": "pg_db",
    "client_container": "pg_client",
    "volume": "pg_bench"
  },
  "database": {
    "name": "benchdb",
    "user": "postgres",
    "password": "password_test",
    "pgbench_scale": 10000
  },
  "pgbench": {
    "warmup": {
      "clients": 32,
      "threads": 2,
      "time_sec": 120,
      "progress_sec": 30,
      "command": "default"
    },
    "test": {
      "clients": 64,
      "threads": 2,
      "time_sec": 600,
      "progress_sec": 60,
      "command": "default"
    },
    "checked_params": [
      "tps",
      "latency average",
      "number of transactions actually processed",
      "number of failed transactions"
    ]
  },
  "optimization": {
    "target": "tps",
    "n_trials": 100,
    "tunable_params": {
      "shared_buffers": {
        "type": "categorical",
        "values": [
          "2GB",
          "4GB",
          "6GB"
        ]
      },
      "effective_cache_size": {
        "type": "categorical",
        "values": [
          "10GB",
          "14GB",
          "18GB"
        ]
      },
      "work_mem": {
        "type": "int",
        "low": 2,
        "high": 20,
        "step": 6
      },
      "maintenance_work_mem": {
        "type": "categorical",
        "values": [
          "32MB",
          "128MB",
          "256MB"
        ]
      },
      "max_parallel_workers_per_gather": {
        "type": "categorical",
        "values": [
          2,
          4,
          6
        ]
      },
      "random_page_cost": {
        "type": "float",
        "low": 1.0,
        "high": 1.0
      },
      "wal_buffers": {
        "type": "categorical",
        "values": [
          "64MB",
          "128MB",
          "256MB"
        ]
      },
      "max_wal_size": {
        "type": "int",
        "low": 2048,
        "high": 8192,
        "step": 2048
      }
    }
  },
  "run_id": "20260610_001828",
  "log_file": "logs/pg_tuner_20260610_001828.log",
  "results_file": "results/pg_tuner_results_20260610_001828.csv"
}
2026-06-10 00:18:28,935 | INFO     | [CMD] docker run -d --name pg_db --memory 24G --cpus 8 -u postgres -e POSTGRES_PASSWORD=password_test -e POSTGRES_USER=postgres -p 5432:5432 -v pg_bench:/var/lib/postgresql/data postgres:18-alpine 
2026-06-10 00:18:29,143 | INFO     | Запущен контейнер. Запуск VACUUM ANALYZE
2026-06-10 00:18:29,143 | INFO     | [DB] Waiting for PostgreSQL to be VACUUM ANALYZE
2026-06-10 00:18:29,143 | INFO     | [CMD] docker exec pg_db psql -U postgres -d benchdb -c 'VACUUM ANALYZE;'
2026-06-10 00:18:30,451 | INFO     | [DB] PostgreSQL CHECKPOINT
2026-06-10 00:18:30,451 | INFO     | [CMD] docker exec pg_db psql -U postgres -d benchdb -c 'CHECKPOINT;'
2026-06-10 00:18:30,527 | INFO     | [CLEANUP] Stopping containers & network...
2026-06-10 00:18:30,527 | INFO     | [CMD] docker stop pg_client || true
2026-06-10 00:18:30,537 | INFO     | [CMD] docker rm pg_client || true
2026-06-10 00:18:30,546 | INFO     | [CMD] docker stop pg_db || true
2026-06-10 00:18:30,737 | INFO     | [CMD] docker rm pg_db || true
2026-06-10 00:18:30,754 | INFO     | [CACHE] Creating cache of initialized DB...
2026-06-10 00:18:30,754 | INFO     | [CMD] docker run --rm -v pg_bench:/pg_data -v /home/andrey/1.websites/1Develop/postgres/Курс.PostgresSQL.Advanced/15-Course/pg_optimizer/pg_copy:/pg_copy alpine cp -r /pg_data /pg_copy/pg_bench_s10000  
